<?xml version="1.0" encoding="UTF-8"?>
<!-- Generated by org.testng.reporters.JUnitReportReporter -->
<testsuite hostname="pay1lap-71-PC" name="smartpay.whatsApp" tests="1" failures="0" timestamp="7 Mar 2017 06:31:15 GMT" time="7.501" errors="0">
  <testcase name="sendChatHistory" time="7.501" classname="smartpay.whatsApp"/>
</testsuite> <!-- smartpay.whatsApp -->
