<?xml version="1.0" encoding="UTF-8"?>
<!-- Generated by org.testng.reporters.JUnitReportReporter -->
<testsuite hostname="pay1lap-71-PC" name="testing.Whatsapp" tests="1" failures="0" timestamp="3 Feb 2017 08:17:25 GMT" time="18.543" errors="0">
  <testcase name="sendChat" time="18.543" classname="testing.Whatsapp"/>
</testsuite> <!-- testing.Whatsapp -->
