<?xml version="1.0" encoding="UTF-8"?>
<!-- Generated by org.testng.reporters.JUnitReportReporter -->
<testsuite hostname="pay1lap-71-PC" name="trial.Jio" tests="4" failures="0" timestamp="24 Mar 2017 13:02:13 GMT" time="56.636" errors="0">
  <testcase name="navigate" time="6.450" classname="trial.Jio"/>
  <testcase name="successCheck" time="7.651" classname="trial.Jio"/>
  <testcase name="login" time="25.421" classname="trial.Jio"/>
  <testcase name="recharge" time="17.114" classname="trial.Jio"/>
</testsuite> <!-- trial.Jio -->
