<?xml version="1.0" encoding="UTF-8"?>
<!-- Generated by org.testng.reporters.JUnitReportReporter -->
<testsuite hostname="pay1lap-71-PC" name="test.JsonAsStr" tests="1" failures="0" timestamp="9 Feb 2017 06:33:52 GMT" time="0.007" errors="0">
  <testcase name="recordResponse" time="0.007" classname="test.JsonAsStr"/>
</testsuite> <!-- test.JsonAsStr -->
