<?xml version="1.0" encoding="UTF-8"?>
<!-- Generated by org.testng.reporters.JUnitReportReporter -->
<testsuite hostname="pay1lap-71-PC" name="testing.mmt" tests="1" failures="0" timestamp="2 Feb 2017 11:25:13 GMT" time="33.263" errors="0">
  <testcase name="selectflight" time="33.263" classname="testing.mmt"/>
</testsuite> <!-- testing.mmt -->
