<?xml version="1.0" encoding="UTF-8"?>
<!-- Generated by org.testng.reporters.JUnitReportReporter -->
<testsuite hostname="pay1lap-71-PC" name="distributor_app.Login" tests="1" failures="0" timestamp="24 Mar 2017 07:50:37 GMT" time="19.549" errors="0">
  <testcase name="Login" time="19.549" classname="distributor_app.Login"/>
</testsuite> <!-- distributor_app.Login -->
