<?xml version="1.0" encoding="UTF-8"?>
<!-- Generated by org.testng.reporters.JUnitReportReporter -->
<testsuite hostname="pay1lap-71-PC" name="trial.StartStopServer" tests="1" failures="0" timestamp="16 Mar 2017 12:00:52 GMT" time="39.440" errors="0">
  <testcase name="test" time="39.440" classname="trial.StartStopServer"/>
</testsuite> <!-- trial.StartStopServer -->
