<?xml version="1.0" encoding="UTF-8"?>
<!-- Generated by org.testng.reporters.JUnitReportReporter -->
<testsuite hostname="pay1lap-71-PC" name="test.APITest" tests="2" failures="0" timestamp="9 Feb 2017 10:12:00 GMT" time="3.926" errors="0">
  <testcase name="getCountry" time="3.220" classname="test.APITest"/>
  <testcase name="makeSureGoogleIsUp" time="0.706" classname="test.APITest"/>
</testsuite> <!-- test.APITest -->
