<?xml version="1.0" encoding="UTF-8"?>
<!-- Generated by org.testng.reporters.JUnitReportReporter -->
<testsuite hostname="pay1lap-71-PC" name="test.rechargeApi" tests="1" failures="0" timestamp="21 Jun 2017 06:41:56 GMT" time="5.509" errors="0">
  <testcase name="setUp" time="5.509" classname="test.rechargeApi"/>
</testsuite> <!-- test.rechargeApi -->
