<?xml version="1.0" encoding="UTF-8"?>
<!-- Generated by org.testng.reporters.JUnitReportReporter -->
<testsuite hostname="pay1lap-71-PC" name="jio_app.GetRequest" tests="1" failures="0" timestamp="24 Mar 2017 19:16:55 GMT" time="3.695" errors="0">
  <testcase name="get" time="3.695" classname="jio_app.GetRequest"/>
</testsuite> <!-- jio_app.GetRequest -->
