<?xml version="1.0" encoding="UTF-8"?>
<!-- Generated by org.testng.reporters.JUnitReportReporter -->
<testsuite hostname="pay1lap-71-PC" name="trial.dynamic_message" tests="7" failures="0" timestamp="24 Mar 2017 06:57:03 GMT" time="119.010" errors="0">
  <testcase name="searchAndSend" time="8.853" classname="trial.dynamic_message"/>
  <testcase name="searchAndSend" time="17.722" classname="trial.dynamic_message"/>
  <testcase name="searchAndSend" time="18.407" classname="trial.dynamic_message"/>
  <testcase name="searchAndSend" time="18.589" classname="trial.dynamic_message"/>
  <testcase name="searchAndSend" time="19.217" classname="trial.dynamic_message"/>
  <testcase name="searchAndSend" time="18.073" classname="trial.dynamic_message"/>
  <testcase name="searchAndSend" time="18.149" classname="trial.dynamic_message"/>
</testsuite> <!-- trial.dynamic_message -->
