<?xml version="1.0" encoding="UTF-8"?>
<!-- Generated by org.testng.reporters.JUnitReportReporter -->
<testsuite hostname="pay1lap-71-PC" name="retailer_app.Testdroid" tests="1" failures="0" timestamp="30 Nov 2016 11:51:39 GMT" time="23.808" errors="0">
  <testcase name="retailer_Test" time="23.808" classname="retailer_app.Testdroid"/>
</testsuite> <!-- retailer_app.Testdroid -->
