<?xml version="1.0" encoding="UTF-8"?>
<!-- Generated by org.testng.reporters.JUnitReportReporter -->
<testsuite hostname="pay1lap-71-PC" name="testing.Flightpicker" tests="2" failures="0" timestamp="3 Feb 2017 07:26:45 GMT" time="38.155" errors="0">
  <testcase name="mmt_selectflight" time="33.081" classname="testing.Flightpicker"/>
  <testcase name="goibibo_selectflight" time="5.074" classname="testing.Flightpicker"/>
</testsuite> <!-- testing.Flightpicker -->
