<?xml version="1.0" encoding="UTF-8"?>
<!-- Generated by org.testng.reporters.JUnitReportReporter -->
<testsuite hostname="pay1lap-71-PC" name="testing.SwipeListDemo" tests="1" failures="0" timestamp="30 Jan 2017 13:02:47 GMT" time="0.889" errors="1">
  <testcase name="swipingHorizontal" time="0.889" classname="testing.SwipeListDemo">
    <error type="org.openqa.selenium.WebDriverException" message="An unknown server-side error occurred while processing the command. (WARNING: The server did not provide any stacktrace information)
Command duration or timeout: 851 milliseconds
Build info: version: &#039;2.53.0&#039;, revision: &#039;35ae25b&#039;, time: &#039;2016-03-15 16:57:40&#039;
System info: host: &#039;pay1lap-71-PC&#039;, ip: &#039;192.168.1.100&#039;, os.name: &#039;Windows 7&#039;, os.arch: &#039;amd64&#039;, os.version: &#039;6.1&#039;, java.version: &#039;1.8.0_121&#039;
Driver info: io.appium.java_client.android.AndroidDriver
Capabilities [{appPackage=com.fortysevendeg.android.swipelistview, networkConnectionEnabled=true, warnings={}, databaseEnabled=false, deviceName=03b2902609349ef7, version=6.0.1, platform=LINUX, appActivity=com.fortysevendeg.android.swipelistview.sample.activities.SwipeListViewExampleActivity, desired={appPackage=com.fortysevendeg.android.swipelistview, appActivity=com.fortysevendeg.android.swipelistview.sample.activities.SwipeListViewExampleActivity, browserName=Android, platformName=Android, deviceName=03b2902609349ef7, version=6.0.1}, platformVersion=6.0.1, webStorageEnabled=false, locationContextEnabled=false, browserName=Android, takesScreenshot=true, javascriptEnabled=true, platformName=Android}]
Session ID: 5ce5b8c1-cc96-438b-b737-f3cc9888e98d">
      <![CDATA[org.openqa.selenium.WebDriverException: An unknown server-side error occurred while processing the command. (WARNING: The server did not provide any stacktrace information)
Command duration or timeout: 851 milliseconds
Build info: version: '2.53.0', revision: '35ae25b', time: '2016-03-15 16:57:40'
System info: host: 'pay1lap-71-PC', ip: '192.168.1.100', os.name: 'Windows 7', os.arch: 'amd64', os.version: '6.1', java.version: '1.8.0_121'
Driver info: io.appium.java_client.android.AndroidDriver
Capabilities [{appPackage=com.fortysevendeg.android.swipelistview, networkConnectionEnabled=true, warnings={}, databaseEnabled=false, deviceName=03b2902609349ef7, version=6.0.1, platform=LINUX, appActivity=com.fortysevendeg.android.swipelistview.sample.activities.SwipeListViewExampleActivity, desired={appPackage=com.fortysevendeg.android.swipelistview, appActivity=com.fortysevendeg.android.swipelistview.sample.activities.SwipeListViewExampleActivity, browserName=Android, platformName=Android, deviceName=03b2902609349ef7, version=6.0.1}, platformVersion=6.0.1, webStorageEnabled=false, locationContextEnabled=false, browserName=Android, takesScreenshot=true, javascriptEnabled=true, platformName=Android}]
Session ID: 5ce5b8c1-cc96-438b-b737-f3cc9888e98d
	at sun.reflect.NativeConstructorAccessorImpl.newInstance0(Native Method)
	at sun.reflect.NativeConstructorAccessorImpl.newInstance(Unknown Source)
	at sun.reflect.DelegatingConstructorAccessorImpl.newInstance(Unknown Source)
	at java.lang.reflect.Constructor.newInstance(Unknown Source)
	at org.openqa.selenium.remote.ErrorHandler.createThrowable(ErrorHandler.java:206)
	at org.openqa.selenium.remote.ErrorHandler.throwIfResponseFailed(ErrorHandler.java:158)
	at org.openqa.selenium.remote.RemoteWebDriver.execute(RemoteWebDriver.java:678)
	at io.appium.java_client.DefaultGenericMobileDriver.execute(DefaultGenericMobileDriver.java:40)
	at io.appium.java_client.AppiumDriver.execute(AppiumDriver.java:1)
	at io.appium.java_client.android.AndroidDriver.execute(AndroidDriver.java:1)
	at io.appium.java_client.AppiumDriver.performTouchAction(AppiumDriver.java:336)
	at io.appium.java_client.TouchAction.perform(TouchAction.java:323)
	at io.appium.java_client.AppiumDriver.doSwipe(AppiumDriver.java:383)
	at io.appium.java_client.android.AndroidDriver.swipe(AndroidDriver.java:186)
	at testing.SwipeListDemo.swipingHorizontal(SwipeListDemo.java:46)
	at sun.reflect.NativeMethodAccessorImpl.invoke0(Native Method)
	at sun.reflect.NativeMethodAccessorImpl.invoke(Unknown Source)
	at sun.reflect.DelegatingMethodAccessorImpl.invoke(Unknown Source)
	at java.lang.reflect.Method.invoke(Unknown Source)
	at org.testng.internal.MethodInvocationHelper.invokeMethod(MethodInvocationHelper.java:85)
	at org.testng.internal.Invoker.invokeMethod(Invoker.java:639)
	at org.testng.internal.Invoker.invokeTestMethod(Invoker.java:816)
	at org.testng.internal.Invoker.invokeTestMethods(Invoker.java:1124)
	at org.testng.internal.TestMethodWorker.invokeTestMethods(TestMethodWorker.java:125)
	at org.testng.internal.TestMethodWorker.run(TestMethodWorker.java:108)
	at org.testng.TestRunner.privateRun(TestRunner.java:774)
	at org.testng.TestRunner.run(TestRunner.java:624)
	at org.testng.SuiteRunner.runTest(SuiteRunner.java:359)
	at org.testng.SuiteRunner.runSequentially(SuiteRunner.java:354)
	at org.testng.SuiteRunner.privateRun(SuiteRunner.java:312)
	at org.testng.SuiteRunner.run(SuiteRunner.java:261)
	at org.testng.SuiteRunnerWorker.runSuite(SuiteRunnerWorker.java:52)
	at org.testng.SuiteRunnerWorker.run(SuiteRunnerWorker.java:86)
	at org.testng.TestNG.runSuitesSequentially(TestNG.java:1215)
	at org.testng.TestNG.runSuitesLocally(TestNG.java:1140)
	at org.testng.TestNG.run(TestNG.java:1048)
	at org.testng.remote.AbstractRemoteTestNG.run(AbstractRemoteTestNG.java:132)
	at org.testng.remote.RemoteTestNG.initAndRun(RemoteTestNG.java:236)
	at org.testng.remote.RemoteTestNG.main(RemoteTestNG.java:81)
]]>
    </error>
  </testcase> <!-- swipingHorizontal -->
</testsuite> <!-- testing.SwipeListDemo -->
