<?xml version="1.0" encoding="UTF-8"?>
<!-- Generated by org.testng.reporters.JUnitReportReporter -->
<testsuite hostname="pay1lap-71-PC" name="test.java.NewTest" tests="1" failures="0" timestamp="7 Feb 2017 11:31:27 GMT" time="0.016" errors="0">
  <testcase name="f" time="0.016" classname="test.java.NewTest"/>
</testsuite> <!-- test.java.NewTest -->
