<?xml version="1.0" encoding="UTF-8"?>
<!-- Generated by org.testng.reporters.JUnitReportReporter -->
<testsuite hostname="pay1lap-71-PC" name="trial.whatsApp" tests="1" failures="0" timestamp="7 Mar 2017 14:53:13 GMT" time="0.000" errors="0">
  <testcase name="sendLatestChats" time="0.000" classname="trial.whatsApp"/>
</testsuite> <!-- trial.whatsApp -->
