<?xml version="1.0" encoding="UTF-8"?>
<!-- Generated by org.testng.reporters.JUnitReportReporter -->
<testsuite hostname="pay1lap-71-PC" name="distributor_app.BalanceTransferTest" tests="3" failures="0" timestamp="5 Apr 2017 07:00:24 GMT" time="11.184" errors="0">
  <testcase name="salesmanTransfer" time="0.000" classname="distributor_app.BalanceTransferTest"/>
  <testcase name="getBalance" time="1.442" classname="distributor_app.BalanceTransferTest"/>
  <testcase name="retailerTransfer" time="9.742" classname="distributor_app.BalanceTransferTest"/>
</testsuite> <!-- distributor_app.BalanceTransferTest -->
