<?xml version="1.0" encoding="UTF-8"?>
<!-- Generated by org.testng.reporters.JUnitReportReporter -->
<testsuite hostname="pay1lap-71-PC" name="distributor_app.LoginTest" tests="1" failures="0" timestamp="5 Apr 2017 07:00:24 GMT" time="7.103" errors="0">
  <testcase name="Login" time="7.103" classname="distributor_app.LoginTest"/>
</testsuite> <!-- distributor_app.LoginTest -->
