<?xml version="1.0" encoding="UTF-8"?>
<!-- Generated by org.testng.reporters.JUnitReportReporter -->
<testsuite hostname="pay1lap-71-PC" name="test.APITest" tests="2" failures="0" timestamp="8 May 2017 16:58:55 GMT" time="7.057" errors="0">
  <testcase name="getCountry" time="6.145" classname="test.APITest"/>
  <testcase name="makeSureGoogleIsUp" time="0.912" classname="test.APITest"/>
</testsuite> <!-- test.APITest -->
