<?xml version="1.0" encoding="UTF-8"?>
<!-- Generated by org.testng.reporters.JUnitReportReporter -->
<testsuite hostname="pay1lap-71-PC" name="test.java.NewTest" tests="2" failures="0" timestamp="9 Feb 2017 05:55:49 GMT" time="7.415" errors="0">
  <testcase name="getCountry" time="4.908" classname="test.java.NewTest"/>
  <testcase name="makeSureGoogleIsUp" time="2.507" classname="test.java.NewTest"/>
</testsuite> <!-- test.java.NewTest -->
